2023-07-03 19:09:27.186+0000 WARN  Use of deprecated setting 'dbms.read_only'. It is replaced by 'server.databases.default_to_read_only'.
2023-07-03 19:09:27.190+0000 INFO  Starting...
2023-07-03 19:09:27.741+0000 INFO  This instance is ServerId{004fc10f} (004fc10f-60a0-4551-b73e-9780f4f51af5)
2023-07-03 19:09:28.119+0000 INFO  ======== Neo4j 5.9.0 ========
2023-07-03 19:09:29.548+0000 INFO  Bolt enabled on 0.0.0.0:7687.
2023-07-03 19:09:29.906+0000 INFO  Remote interface available at http://localhost:7474/
2023-07-03 19:09:29.910+0000 INFO  id: 2AD2880E77655CD58061B830055558BD9E9006F5F1CF57B2EA907C4187EF4DD7
2023-07-03 19:09:29.911+0000 INFO  name: system
2023-07-03 19:09:29.912+0000 INFO  creationDate: 2023-07-03T19:09:28.564Z
2023-07-03 19:09:29.913+0000 INFO  Started.
2023-07-03 19:34:35.411+0000 WARN  The client is unauthorized due to authentication failure.
2023-07-03 19:34:35.428+0000 WARN  The client is unauthorized due to authentication failure.
2023-07-03 19:34:35.437+0000 WARN  The client is unauthorized due to authentication failure.
2023-07-03 19:34:48.378+0000 WARN  The client is unauthorized due to authentication failure.
2023-07-03 19:34:48.389+0000 WARN  The client is unauthorized due to authentication failure.
2023-07-03 19:34:48.400+0000 WARN  The client is unauthorized due to authentication failure.
2023-07-03 19:34:59.327+0000 WARN  The client is unauthorized due to authentication failure.
2023-07-03 19:34:59.338+0000 WARN  The client has provided incorrect authentication details too many times in a row.
2023-07-05 10:33:25.026+0000 WARN  The client is unauthorized due to authentication failure.
2023-07-05 10:33:25.036+0000 WARN  The client is unauthorized due to authentication failure.
2023-07-05 10:33:25.048+0000 WARN  The client is unauthorized due to authentication failure.
2023-07-05 10:34:00.630+0000 WARN  The client is unauthorized due to authentication failure.
2023-07-05 10:34:00.642+0000 WARN  The client has provided incorrect authentication details too many times in a row.
2023-07-05 10:34:32.676+0000 WARN  The client is unauthorized due to authentication failure.
2023-07-05 10:34:32.697+0000 WARN  The client has provided incorrect authentication details too many times in a row.
2023-07-05 10:34:32.713+0000 WARN  The client has provided incorrect authentication details too many times in a row.
2023-07-05 10:34:56.514+0000 WARN  The client is unauthorized due to authentication failure.
2023-07-05 10:34:56.527+0000 WARN  The client has provided incorrect authentication details too many times in a row.
2023-07-05 10:35:51.996+0000 WARN  The client is unauthorized due to authentication failure.
2023-07-05 10:35:52.010+0000 WARN  The client is unauthorized due to authentication failure.
2023-07-05 10:41:55.032+0000 WARN  The client is unauthorized due to authentication failure.
2023-07-05 10:41:55.050+0000 WARN  The client is unauthorized due to authentication failure.
2023-07-05 10:42:02.190+0000 WARN  The client is unauthorized due to authentication failure.
2023-07-05 10:42:02.203+0000 WARN  The client has provided incorrect authentication details too many times in a row.
2023-07-05 10:42:07.778+0000 WARN  The client is unauthorized due to authentication failure.
2023-07-05 10:42:07.792+0000 WARN  The client has provided incorrect authentication details too many times in a row.
2023-07-05 10:42:07.801+0000 WARN  The client has provided incorrect authentication details too many times in a row.
2023-07-05 10:42:20.991+0000 WARN  The client is unauthorized due to authentication failure.
2023-07-05 10:42:21.004+0000 WARN  The client has provided incorrect authentication details too many times in a row.
2023-07-05 10:42:21.013+0000 WARN  The client has provided incorrect authentication details too many times in a row.
2023-07-05 10:42:25.377+0000 WARN  The client has provided incorrect authentication details too many times in a row.
2023-07-05 10:42:25.400+0000 WARN  The client has provided incorrect authentication details too many times in a row.
2023-07-05 10:43:35.217+0000 WARN  The client is unauthorized due to authentication failure.
2023-07-05 10:43:35.240+0000 WARN  The client has provided incorrect authentication details too many times in a row.
2023-07-05 10:43:48.421+0000 INFO  Neo4j Server shutdown initiated by request
2023-07-05 10:43:48.422+0000 INFO  Stopping...
2023-07-05 10:43:53.687+0000 INFO  Stopped.
2023-07-05 10:44:01.522+0000 WARN  Use of deprecated setting 'dbms.read_only'. It is replaced by 'server.databases.default_to_read_only'.
2023-07-05 10:44:01.525+0000 INFO  Starting...
2023-07-05 10:44:02.004+0000 INFO  This instance is ServerId{004fc10f} (004fc10f-60a0-4551-b73e-9780f4f51af5)
2023-07-05 10:44:02.408+0000 INFO  ======== Neo4j 5.9.0 ========
2023-07-05 10:44:03.425+0000 INFO  Bolt enabled on 0.0.0.0:7687.
2023-07-05 10:44:03.777+0000 INFO  Remote interface available at http://localhost:7474/
2023-07-05 10:44:03.781+0000 INFO  id: 2AD2880E77655CD58061B830055558BD9E9006F5F1CF57B2EA907C4187EF4DD7
2023-07-05 10:44:03.782+0000 INFO  name: system
2023-07-05 10:44:03.783+0000 INFO  creationDate: 2023-07-03T19:09:28.564Z
2023-07-05 10:44:03.784+0000 INFO  Started.
2023-07-05 10:44:28.173+0000 WARN  The client is unauthorized due to authentication failure.
2023-07-05 10:44:28.190+0000 WARN  The client is unauthorized due to authentication failure.
2023-07-05 10:44:40.537+0000 WARN  The client is unauthorized due to authentication failure.
2023-07-05 10:44:40.550+0000 WARN  The client is unauthorized due to authentication failure.
2023-07-05 10:46:41.112+0000 INFO  Neo4j Server shutdown initiated by request
2023-07-05 10:46:41.114+0000 INFO  Stopping...
2023-07-05 10:46:46.365+0000 INFO  Stopped.
2023-07-07 08:27:56.618+0000 WARN  Use of deprecated setting 'dbms.read_only'. It is replaced by 'server.databases.default_to_read_only'.
2023-07-07 08:27:56.622+0000 INFO  Starting...
2023-07-07 08:27:57.142+0000 INFO  This instance is ServerId{004fc10f} (004fc10f-60a0-4551-b73e-9780f4f51af5)
2023-07-07 08:27:57.498+0000 INFO  ======== Neo4j 5.9.0 ========
2023-07-07 08:27:58.577+0000 INFO  Bolt enabled on 0.0.0.0:7687.
2023-07-07 08:27:58.937+0000 INFO  Remote interface available at http://localhost:7474/
2023-07-07 08:27:58.941+0000 INFO  id: 2AD2880E77655CD58061B830055558BD9E9006F5F1CF57B2EA907C4187EF4DD7
2023-07-07 08:27:58.942+0000 INFO  name: system
2023-07-07 08:27:58.943+0000 INFO  creationDate: 2023-07-03T19:09:28.564Z
2023-07-07 08:27:58.944+0000 INFO  Started.
2023-07-07 08:28:14.543+0000 WARN  The client is unauthorized due to authentication failure.
2023-07-07 08:35:55.978+0000 WARN  The client is unauthorized due to authentication failure.
2023-07-07 08:37:44.945+0000 WARN  The client is unauthorized due to authentication failure.
2023-07-07 08:40:21.342+0000 WARN  The client is unauthorized due to authentication failure.
2023-07-07 08:40:21.358+0000 WARN  The client has provided incorrect authentication details too many times in a row.
2023-07-07 08:40:32.614+0000 INFO  Neo4j Server shutdown initiated by request
2023-07-07 08:40:32.616+0000 INFO  Stopping...
2023-07-07 08:40:37.901+0000 INFO  Stopped.
2023-07-07 08:40:48.239+0000 WARN  Use of deprecated setting 'dbms.read_only'. It is replaced by 'server.databases.default_to_read_only'.
2023-07-07 08:40:48.242+0000 INFO  Starting...
2023-07-07 08:40:48.705+0000 INFO  This instance is ServerId{004fc10f} (004fc10f-60a0-4551-b73e-9780f4f51af5)
2023-07-07 08:40:49.060+0000 INFO  ======== Neo4j 5.9.0 ========
2023-07-07 08:40:50.084+0000 INFO  Bolt enabled on 0.0.0.0:7687.
2023-07-07 08:40:50.428+0000 INFO  Remote interface available at http://localhost:7474/
2023-07-07 08:40:50.431+0000 INFO  id: 2AD2880E77655CD58061B830055558BD9E9006F5F1CF57B2EA907C4187EF4DD7
2023-07-07 08:40:50.433+0000 INFO  name: system
2023-07-07 08:40:50.433+0000 INFO  creationDate: 2023-07-03T19:09:28.564Z
2023-07-07 08:40:50.435+0000 INFO  Started.
2023-07-07 08:41:19.037+0000 WARN  The client is unauthorized due to authentication failure.
2023-07-07 08:41:19.053+0000 WARN  The client is unauthorized due to authentication failure.
2023-07-07 09:29:46.355+0000 INFO  Neo4j Server shutdown initiated by request
2023-07-07 09:29:46.359+0000 INFO  Stopping...
2023-07-07 09:29:51.679+0000 INFO  Stopped.
2023-07-07 09:30:10.111+0000 WARN  Use of deprecated setting 'dbms.read_only'. It is replaced by 'server.databases.default_to_read_only'.
2023-07-07 09:30:10.115+0000 INFO  Starting...
2023-07-07 09:30:10.589+0000 INFO  This instance is ServerId{004fc10f} (004fc10f-60a0-4551-b73e-9780f4f51af5)
2023-07-07 09:30:10.972+0000 INFO  ======== Neo4j 5.9.0 ========
2023-07-07 09:30:11.982+0000 INFO  Bolt enabled on 0.0.0.0:7687.
2023-07-07 09:30:12.374+0000 INFO  Remote interface available at http://localhost:7474/
2023-07-07 09:30:12.379+0000 INFO  id: 2AD2880E77655CD58061B830055558BD9E9006F5F1CF57B2EA907C4187EF4DD7
2023-07-07 09:30:12.386+0000 INFO  name: system
2023-07-07 09:30:12.387+0000 INFO  creationDate: 2023-07-03T19:09:28.564Z
2023-07-07 09:30:12.388+0000 INFO  Started.
2023-07-07 09:31:27.750+0000 INFO  Neo4j Server shutdown initiated by request
2023-07-07 09:31:27.753+0000 INFO  Stopping...
2023-07-07 09:31:32.996+0000 INFO  Stopped.
2023-07-07 09:31:48.013+0000 INFO  Starting...
2023-07-07 09:31:48.498+0000 INFO  This instance is ServerId{004fc10f} (004fc10f-60a0-4551-b73e-9780f4f51af5)
2023-07-07 09:31:48.861+0000 INFO  ======== Neo4j 5.9.0 ========
2023-07-07 09:31:49.844+0000 INFO  Bolt enabled on 0.0.0.0:7687.
2023-07-07 09:31:50.193+0000 INFO  Remote interface available at http://localhost:7474/
2023-07-07 09:31:50.197+0000 INFO  id: 2AD2880E77655CD58061B830055558BD9E9006F5F1CF57B2EA907C4187EF4DD7
2023-07-07 09:31:50.198+0000 INFO  name: system
2023-07-07 09:31:50.199+0000 INFO  creationDate: 2023-07-03T19:09:28.564Z
2023-07-07 09:31:50.200+0000 INFO  Started.
2023-07-07 09:33:14.700+0000 WARN  The client is unauthorized due to authentication failure.
2023-07-07 09:33:14.714+0000 WARN  The client is unauthorized due to authentication failure.
2023-07-07 10:02:51.170+0000 WARN  The client is unauthorized due to authentication failure.
2023-07-07 10:02:51.180+0000 WARN  The client is unauthorized due to authentication failure.
2023-07-07 10:02:58.009+0000 WARN  The client is unauthorized due to authentication failure.
2023-07-07 10:02:58.024+0000 WARN  The client has provided incorrect authentication details too many times in a row.
2023-07-07 10:27:33.568+0000 INFO  Starting...
2023-07-07 10:27:34.043+0000 INFO  This instance is ServerId{004fc10f} (004fc10f-60a0-4551-b73e-9780f4f51af5)
2023-07-07 10:27:34.420+0000 INFO  ======== Neo4j 5.9.0 ========
2023-07-07 10:27:35.548+0000 INFO  Bolt enabled on 0.0.0.0:7687.
2023-07-07 10:27:35.937+0000 INFO  Remote interface available at http://localhost:7474/
2023-07-07 10:27:35.941+0000 INFO  id: 2AD2880E77655CD58061B830055558BD9E9006F5F1CF57B2EA907C4187EF4DD7
2023-07-07 10:27:35.942+0000 INFO  name: system
2023-07-07 10:27:35.943+0000 INFO  creationDate: 2023-07-03T19:09:28.564Z
2023-07-07 10:27:35.944+0000 INFO  Started.
2023-07-07 10:31:26.035+0000 WARN  The client is unauthorized due to authentication failure.
2023-07-07 10:31:26.057+0000 WARN  The client is unauthorized due to authentication failure.
2023-07-07 10:49:42.035+0000 INFO  Neo4j Server shutdown initiated by request
2023-07-07 10:49:42.037+0000 INFO  Stopping...
2023-07-07 10:49:47.294+0000 INFO  Stopped.
2023-07-07 10:50:06.676+0000 INFO  Starting...
2023-07-07 10:50:07.143+0000 INFO  This instance is ServerId{004fc10f} (004fc10f-60a0-4551-b73e-9780f4f51af5)
2023-07-07 10:50:07.499+0000 INFO  ======== Neo4j 5.9.0 ========
2023-07-07 10:50:08.565+0000 INFO  Bolt enabled on 0.0.0.0:7687.
2023-07-07 10:50:08.921+0000 INFO  Remote interface available at http://localhost:7474/
2023-07-07 10:50:08.924+0000 INFO  id: 2AD2880E77655CD58061B830055558BD9E9006F5F1CF57B2EA907C4187EF4DD7
2023-07-07 10:50:08.925+0000 INFO  name: system
2023-07-07 10:50:08.926+0000 INFO  creationDate: 2023-07-03T19:09:28.564Z
2023-07-07 10:50:08.927+0000 INFO  Started.
2023-07-07 11:05:31.884+0000 INFO  Neo4j Server shutdown initiated by request
2023-07-07 11:05:31.886+0000 INFO  Stopping...
2023-07-07 11:05:37.165+0000 INFO  Stopped.
2023-07-07 11:06:22.438+0000 INFO  Starting...
2023-07-07 11:06:22.908+0000 INFO  This instance is ServerId{004fc10f} (004fc10f-60a0-4551-b73e-9780f4f51af5)
2023-07-07 11:06:23.267+0000 INFO  ======== Neo4j 5.9.0 ========
2023-07-07 11:06:24.448+0000 INFO  Bolt enabled on 0.0.0.0:7687.
2023-07-07 11:06:24.836+0000 INFO  Remote interface available at http://localhost:7474/
2023-07-07 11:06:24.840+0000 INFO  id: 2AD2880E77655CD58061B830055558BD9E9006F5F1CF57B2EA907C4187EF4DD7
2023-07-07 11:06:24.841+0000 INFO  name: system
2023-07-07 11:06:24.841+0000 INFO  creationDate: 2023-07-03T19:09:28.564Z
2023-07-07 11:06:24.842+0000 INFO  Started.
